12.07.2020 21:37:12 INFO  :: ==================================================================================
12.07.2020 21:37:12 INFO  :: Робот Аля v0.1, автор:Слеповичев Иван Иванович
12.07.2020 21:37:12 DEBUG :: Модель D:/Dev/python/predictor/TFLite/20.tflite загружена
12.07.2020 21:37:17 INFO  :: Подключено к терминалу 'D:/Dev/Alpari MT5/terminal64.exe' версия (500, 2523, '09 Jul 2020')
12.07.2020 21:37:17 INFO  :: AccountInfo(login=15035179, trade_mode=2, leverage=100, limit_orders=10000, margin_so_mode=0, trade_allowed=True, trade_expert=True, margin_mode=0, currency_digits=2, fifo_close=False, balance=112128.68, credit=0.0, profit=0.0, equity=112128.68, margin=0.0, margin_free=112128.68, margin_level=0.0, margin_so_call=80.0, margin_so_so=60.0, margin_initial=0.0, margin_maintenance=0.0, assets=0.0, liabilities=0.0, commission_blocked=0.0, name='Slepovichev Ivan', server='Alpari-MT5', currency='RUR', company='Alpari International')
12.07.2020 21:37:17 INFO  :: Робот(SL=512,TP=512,max_vol=1.0,vol=0.1,confidence=0.5,std=0.00137157,symbol=EURUSD,timeunit=300,delay=10
12.07.2020 21:37:27 INFO  :: Торговля не разрешена или отключен алготрейдинг
12.07.2020 21:37:27 DEBUG :: прогноз=-0.0 цена=1.12965 уверен=0.89 актив=0 цель=-0.0 разность=-0.0
12.07.2020 21:37:37 INFO  :: Торговля не разрешена или отключен алготрейдинг
12.07.2020 21:37:37 DEBUG :: прогноз=-0.0 цена=1.12965 уверен=0.63 актив=0 цель=-0.0 разность=-0.0
12.07.2020 21:37:47 INFO  :: Торговля не разрешена или отключен алготрейдинг
12.07.2020 21:37:47 DEBUG :: прогноз=-0.0 цена=1.12965 уверен=0.63 актив=0 цель=-0.0 разность=-0.0
12.07.2020 21:37:57 INFO  :: Торговля не разрешена или отключен алготрейдинг
12.07.2020 21:37:57 DEBUG :: прогноз=-0.0 цена=1.12965 уверен=0.63 актив=0 цель=-0.0 разность=-0.0
12.07.2020 21:38:07 INFO  :: Торговля не разрешена или отключен алготрейдинг
12.07.2020 21:38:07 DEBUG :: прогноз=-0.0 цена=1.12965 уверен=0.63 актив=0 цель=-0.0 разность=-0.0
12.07.2020 21:38:17 INFO  :: Торговля не разрешена или отключен алготрейдинг
12.07.2020 21:38:17 DEBUG :: прогноз=-0.0 цена=1.12965 уверен=0.63 актив=0 цель=-0.0 разность=-0.0
12.07.2020 21:38:32 INFO  :: ==================================================================================
12.07.2020 21:38:32 INFO  :: Робот Аля v0.1, автор:Слеповичев Иван Иванович
12.07.2020 21:38:32 DEBUG :: Модель D:/Dev/python/predictor/TFLite/20.tflite загружена
12.07.2020 21:38:32 INFO  :: Подключено к терминалу 'D:/Dev/Alpari MT5/terminal64.exe' версия (500, 2523, '09 Jul 2020')
12.07.2020 21:38:32 INFO  :: AccountInfo(login=15035179, trade_mode=2, leverage=100, limit_orders=10000, margin_so_mode=0, trade_allowed=True, trade_expert=True, margin_mode=0, currency_digits=2, fifo_close=False, balance=112128.68, credit=0.0, profit=0.0, equity=112128.68, margin=0.0, margin_free=112128.68, margin_level=0.0, margin_so_call=80.0, margin_so_so=60.0, margin_initial=0.0, margin_maintenance=0.0, assets=0.0, liabilities=0.0, commission_blocked=0.0, name='Slepovichev Ivan', server='Alpari-MT5', currency='RUR', company='Alpari International')
12.07.2020 21:38:32 INFO  :: Робот(SL=512,TP=512,max_vol=1.0,vol=0.1,confidence=0.5,std=0.00137157,symbol=EURUSD,timeunit=300,delay=300
12.07.2020 22:01:41 INFO  :: ==================================================================================
12.07.2020 22:01:41 INFO  :: Робот Аля v0.1, автор:Слеповичев Иван Иванович
12.07.2020 22:01:41 DEBUG :: Модель D:/Dev/python/predictor/TFLite/20.tflite загружена
12.07.2020 22:01:41 INFO  :: Подключено к терминалу 'D:/Dev/Alpari MT5/terminal64.exe' версия (500, 2523, '09 Jul 2020')
12.07.2020 22:01:41 INFO  :: AccountInfo(login=50578599, trade_mode=0, leverage=500, limit_orders=500, margin_so_mode=0, trade_allowed=True, trade_expert=True, margin_mode=0, currency_digits=2, fifo_close=False, balance=101459.12, credit=0.0, profit=0.0, equity=101459.12, margin=0.0, margin_free=101459.12, margin_level=0.0, margin_so_call=50.0, margin_so_so=20.0, margin_initial=0.0, margin_maintenance=0.0, assets=0.0, liabilities=0.0, commission_blocked=0.0, name='Slepovichev Ivan', server='Alpari-MT5-Demo', currency='RUR', company='Alpari International')
